0 info it worked if it ends with ok
1 verbose cli [ '/usr/bin/node', '/usr/bin/npm', 'run', 'sass' ]
2 info using npm@3.5.2
3 info using node@v8.10.0
4 verbose run-script [ 'presass', 'sass', 'postsass' ]
5 info lifecycle corporator-bjp@1.0.0~presass: corporator-bjp@1.0.0
6 silly lifecycle corporator-bjp@1.0.0~presass: no script for presass, continuing
7 info lifecycle corporator-bjp@1.0.0~sass: corporator-bjp@1.0.0
8 verbose lifecycle corporator-bjp@1.0.0~sass: unsafe-perm in lifecycle true
9 verbose lifecycle corporator-bjp@1.0.0~sass: PATH: /usr/share/npm/bin/node-gyp-bin:/media/ivision/New Volume1/AKSHAY CHIDRE/Corporate/Netlify-demo-websites/ncp-corporater/node_modules/.bin:/usr/local/sbin:/usr/local/bin:/usr/sbin:/usr/bin:/sbin:/bin:/usr/games:/usr/local/games:/snap/bin
10 verbose lifecycle corporator-bjp@1.0.0~sass: CWD: /media/ivision/New Volume1/AKSHAY CHIDRE/Corporate/Netlify-demo-websites/ncp-corporater
11 silly lifecycle corporator-bjp@1.0.0~sass: Args: [ '-c', 'node-sass scss/custom.scss css/custom.css --watch' ]
12 info lifecycle corporator-bjp@1.0.0~sass: Failed to exec sass script
13 verbose stack Error: corporator-bjp@1.0.0 sass: `node-sass scss/custom.scss css/custom.css --watch`
13 verbose stack spawn ENOENT
13 verbose stack     at ChildProcess.<anonymous> (/usr/share/npm/lib/utils/spawn.js:17:16)
13 verbose stack     at emitTwo (events.js:126:13)
13 verbose stack     at ChildProcess.emit (events.js:214:7)
13 verbose stack     at maybeClose (internal/child_process.js:925:16)
13 verbose stack     at Process.ChildProcess._handle.onexit (internal/child_process.js:209:5)
14 verbose pkgid corporator-bjp@1.0.0
15 verbose cwd /media/ivision/New Volume1/AKSHAY CHIDRE/Corporate/Netlify-demo-websites/ncp-corporater
16 error Linux 5.3.0-26-generic
17 error argv "/usr/bin/node" "/usr/bin/npm" "run" "sass"
18 error node v8.10.0
19 error npm  v3.5.2
20 error file sh
21 error code ELIFECYCLE
22 error errno ENOENT
23 error syscall spawn
24 error corporator-bjp@1.0.0 sass: `node-sass scss/custom.scss css/custom.css --watch`
24 error spawn ENOENT
25 error Failed at the corporator-bjp@1.0.0 sass script 'node-sass scss/custom.scss css/custom.css --watch'.
25 error Make sure you have the latest version of node.js and npm installed.
25 error If you do, this is most likely a problem with the corporator-bjp package,
25 error not with npm itself.
25 error Tell the author that this fails on your system:
25 error     node-sass scss/custom.scss css/custom.css --watch
25 error You can get information on how to open an issue for this project with:
25 error     npm bugs corporator-bjp
25 error Or if that isn't available, you can get their info via:
25 error     npm owner ls corporator-bjp
25 error There is likely additional logging output above.
26 verbose exit [ 1, true ]
